<?xml version="1.0" encoding="UTF-8"?>
<TestRun id="d51060e2-d94e-4e28-990e-65eb881ff373" name="Dima@DIMON 2014-05-19 23:59:15" runUser="DIMON\Dima" xmlns="http://microsoft.com/schemas/VisualStudio/TeamTest/2010">
  <TestSettings name="Параметры тестирования по умолчанию" id="0d57fff7-8c0a-406d-bdf8-a92901e29b0f">
    <Execution>
      <TestTypeSpecific />
      <AgentRule name="Execution Agents">
      </AgentRule>
    </Execution>
    <Deployment runDeploymentRoot="Dima_DIMON 2014-05-19 23_59_15" />
  </TestSettings>
  <Times creation="2014-05-19T23:59:15.1628352+07:00" queuing="2014-05-19T23:59:15.5996360+07:00" start="2014-05-19T23:59:15.7712363+07:00" finish="2014-05-19T23:59:16.7540380+07:00" />
  <ResultSummary outcome="Failed">
    <Counters total="5" executed="5" passed="4" error="0" failed="1" timeout="0" aborted="0" inconclusive="0" passedButRunAborted="0" notRunnable="0" notExecuted="0" disconnected="0" warning="0" completed="0" inProgress="0" pending="0" />
  </ResultSummary>
  <TestDefinitions>
    <UnitTest name="TestCell" storage="buildartifacts\unittestproject.dll" id="10e2d24b-6921-ec02-0709-7ec833e67c9e">
      <Execution id="dd27e509-0782-4fb5-bbbe-7337b918ba1b" />
      <TestMethod codeBase="C:/Users/Dima/Desktop/Vending/BuildArtifacts/UnitTestProject.DLL" adapterTypeName="Microsoft.VisualStudio.TestTools.TestTypes.Unit.UnitTestAdapter, Microsoft.VisualStudio.QualityTools.Tips.UnitTest.Adapter, Version=11.0.0.0, Culture=neutral, PublicKeyToken=b03f5f7f11d50a3a" className="UnitTestProject.CellTest, UnitTestProject, Version=1.0.0.0, Culture=neutral, PublicKeyToken=null" name="TestCell" />
    </UnitTest>
    <UnitTest name="TestBanknoteCheck" storage="buildartifacts\unittestproject.dll" id="e9fc3b5a-ff23-5bec-d540-995f2bd6bec5">
      <Execution id="ec1fb799-723b-4f63-bc7d-b1746ddfcac4" />
      <TestMethod codeBase="C:/Users/Dima/Desktop/Vending/BuildArtifacts/UnitTestProject.DLL" adapterTypeName="Microsoft.VisualStudio.TestTools.TestTypes.Unit.UnitTestAdapter, Microsoft.VisualStudio.QualityTools.Tips.UnitTest.Adapter, Version=11.0.0.0, Culture=neutral, PublicKeyToken=b03f5f7f11d50a3a" className="UnitTestProject.AcceptorTest, UnitTestProject, Version=1.0.0.0, Culture=neutral, PublicKeyToken=null" name="TestBanknoteCheck" />
    </UnitTest>
    <UnitTest name="TestCoinKeeperGetMoney" storage="buildartifacts\unittestproject.dll" id="f2912896-3e3c-8f6e-d1d4-9e0f5340d814">
      <Execution id="228d6333-cd0d-44d1-827c-e54329066312" />
      <TestMethod codeBase="C:/Users/Dima/Desktop/Vending/BuildArtifacts/UnitTestProject.DLL" adapterTypeName="Microsoft.VisualStudio.TestTools.TestTypes.Unit.UnitTestAdapter, Microsoft.VisualStudio.QualityTools.Tips.UnitTest.Adapter, Version=11.0.0.0, Culture=neutral, PublicKeyToken=b03f5f7f11d50a3a" className="UnitTestProject.CoinKeeperTest, UnitTestProject, Version=1.0.0.0, Culture=neutral, PublicKeyToken=null" name="TestCoinKeeperGetMoney" />
    </UnitTest>
    <UnitTest name="TestReturnMoney" storage="buildartifacts\unittestproject.dll" id="66ea6b57-3b4e-b2c0-eadd-4395538837f5">
      <Execution id="dbe9393b-098f-4106-ac54-775dbeaf6ef8" />
      <TestMethod codeBase="C:/Users/Dima/Desktop/Vending/BuildArtifacts/UnitTestProject.DLL" adapterTypeName="Microsoft.VisualStudio.TestTools.TestTypes.Unit.UnitTestAdapter, Microsoft.VisualStudio.QualityTools.Tips.UnitTest.Adapter, Version=11.0.0.0, Culture=neutral, PublicKeyToken=b03f5f7f11d50a3a" className="UnitTestProject.AcceptorTest, UnitTestProject, Version=1.0.0.0, Culture=neutral, PublicKeyToken=null" name="TestReturnMoney" />
    </UnitTest>
    <UnitTest name="TestCellStringChange" storage="buildartifacts\unittestproject.dll" id="69855a74-08dd-62e3-0c64-b329d0825435">
      <Execution id="505b6152-21e9-4205-90dc-568f89c0d633" />
      <TestMethod codeBase="C:/Users/Dima/Desktop/Vending/BuildArtifacts/UnitTestProject.DLL" adapterTypeName="Microsoft.VisualStudio.TestTools.TestTypes.Unit.UnitTestAdapter, Microsoft.VisualStudio.QualityTools.Tips.UnitTest.Adapter, Version=11.0.0.0, Culture=neutral, PublicKeyToken=b03f5f7f11d50a3a" className="UnitTestProject.DisplayTest, UnitTestProject, Version=1.0.0.0, Culture=neutral, PublicKeyToken=null" name="TestCellStringChange" />
    </UnitTest>
  </TestDefinitions>
  <TestLists>
    <TestList name="Отсутствующие в списке результаты" id="8c84fa94-04c1-424b-9868-57a2d4851a1d" />
    <TestList name="Все загруженные результаты" id="19431567-8539-422a-85d7-44ee4e166bda" />
  </TestLists>
  <TestEntries>
    <TestEntry testId="e9fc3b5a-ff23-5bec-d540-995f2bd6bec5" executionId="ec1fb799-723b-4f63-bc7d-b1746ddfcac4" testListId="8c84fa94-04c1-424b-9868-57a2d4851a1d" />
    <TestEntry testId="66ea6b57-3b4e-b2c0-eadd-4395538837f5" executionId="dbe9393b-098f-4106-ac54-775dbeaf6ef8" testListId="8c84fa94-04c1-424b-9868-57a2d4851a1d" />
    <TestEntry testId="10e2d24b-6921-ec02-0709-7ec833e67c9e" executionId="dd27e509-0782-4fb5-bbbe-7337b918ba1b" testListId="8c84fa94-04c1-424b-9868-57a2d4851a1d" />
    <TestEntry testId="f2912896-3e3c-8f6e-d1d4-9e0f5340d814" executionId="228d6333-cd0d-44d1-827c-e54329066312" testListId="8c84fa94-04c1-424b-9868-57a2d4851a1d" />
    <TestEntry testId="69855a74-08dd-62e3-0c64-b329d0825435" executionId="505b6152-21e9-4205-90dc-568f89c0d633" testListId="8c84fa94-04c1-424b-9868-57a2d4851a1d" />
  </TestEntries>
  <Results>
    <UnitTestResult executionId="ec1fb799-723b-4f63-bc7d-b1746ddfcac4" testId="e9fc3b5a-ff23-5bec-d540-995f2bd6bec5" testName="TestBanknoteCheck" computerName="DIMON" duration="00:00:00.0428695" startTime="2014-05-19T23:59:15.8336364+07:00" endTime="2014-05-19T23:59:16.4732375+07:00" testType="13cdc9d9-ddb5-4fa4-a97d-d965ccfc6d4b" outcome="Passed" testListId="8c84fa94-04c1-424b-9868-57a2d4851a1d" relativeResultsDirectory="ec1fb799-723b-4f63-bc7d-b1746ddfcac4">
    </UnitTestResult>
    <UnitTestResult executionId="dbe9393b-098f-4106-ac54-775dbeaf6ef8" testId="66ea6b57-3b4e-b2c0-eadd-4395538837f5" testName="TestReturnMoney" computerName="DIMON" duration="00:00:00.0041279" startTime="2014-05-19T23:59:16.4888376+07:00" endTime="2014-05-19T23:59:16.5044376+07:00" testType="13cdc9d9-ddb5-4fa4-a97d-d965ccfc6d4b" outcome="Passed" testListId="8c84fa94-04c1-424b-9868-57a2d4851a1d" relativeResultsDirectory="dbe9393b-098f-4106-ac54-775dbeaf6ef8">
    </UnitTestResult>
    <UnitTestResult executionId="dd27e509-0782-4fb5-bbbe-7337b918ba1b" testId="10e2d24b-6921-ec02-0709-7ec833e67c9e" testName="TestCell" computerName="DIMON" duration="00:00:00.0099774" startTime="2014-05-19T23:59:16.5200376+07:00" endTime="2014-05-19T23:59:16.5356377+07:00" testType="13cdc9d9-ddb5-4fa4-a97d-d965ccfc6d4b" outcome="Passed" testListId="8c84fa94-04c1-424b-9868-57a2d4851a1d" relativeResultsDirectory="dd27e509-0782-4fb5-bbbe-7337b918ba1b">
    </UnitTestResult>
    <UnitTestResult executionId="228d6333-cd0d-44d1-827c-e54329066312" testId="f2912896-3e3c-8f6e-d1d4-9e0f5340d814" testName="TestCoinKeeperGetMoney" computerName="DIMON" duration="00:00:00.0062446" startTime="2014-05-19T23:59:16.5356377+07:00" endTime="2014-05-19T23:59:16.5512377+07:00" testType="13cdc9d9-ddb5-4fa4-a97d-d965ccfc6d4b" outcome="Passed" testListId="8c84fa94-04c1-424b-9868-57a2d4851a1d" relativeResultsDirectory="228d6333-cd0d-44d1-827c-e54329066312">
    </UnitTestResult>
    <UnitTestResult executionId="505b6152-21e9-4205-90dc-568f89c0d633" testId="69855a74-08dd-62e3-0c64-b329d0825435" testName="TestCellStringChange" computerName="DIMON" duration="00:00:00.1061768" startTime="2014-05-19T23:59:16.5668377+07:00" endTime="2014-05-19T23:59:16.6760379+07:00" testType="13cdc9d9-ddb5-4fa4-a97d-d965ccfc6d4b" outcome="Failed" testListId="8c84fa94-04c1-424b-9868-57a2d4851a1d" relativeResultsDirectory="505b6152-21e9-4205-90dc-568f89c0d633">
      <Output>
        <ErrorInfo>
          <Message>Ошибка в Assert.AreEqual. Ожидается: &lt;He&gt;. Фактически: &lt;o!&gt;. </Message>
          <StackTrace>   в UnitTestProject.DisplayTest.TestCellStringChange() в c:\Users\Dima\Desktop\Vending\UnitTestProject\DisplayTest.cs:строка 26
</StackTrace>
        </ErrorInfo>
      </Output>
    </UnitTestResult>
  </Results>
</TestRun>