<?xml version="1.0" encoding="UTF-8"?>
<TestRun id="7d9876b7-7a8f-463c-8f0e-9e925ce0af3c" name="Dima@DIMON 2014-04-30 15:56:26" runUser="DIMON\Dima" xmlns="http://microsoft.com/schemas/VisualStudio/TeamTest/2010">
  <TestSettings name="Параметры тестирования по умолчанию" id="90e8712b-9b28-4734-9609-4b0870a070eb">
    <Execution>
      <TestTypeSpecific />
      <AgentRule name="Execution Agents">
      </AgentRule>
    </Execution>
    <Deployment runDeploymentRoot="Dima_DIMON 2014-04-30 15_56_26" />
  </TestSettings>
  <Times creation="2014-04-30T15:56:26.2663287+07:00" queuing="2014-04-30T15:56:28.0824326+07:00" start="2014-04-30T15:56:28.3774495+07:00" finish="2014-04-30T15:56:29.7685290+07:00" />
  <ResultSummary outcome="Completed">
    <Counters total="4" executed="4" passed="4" error="0" failed="0" timeout="0" aborted="0" inconclusive="0" passedButRunAborted="0" notRunnable="0" notExecuted="0" disconnected="0" warning="0" completed="0" inProgress="0" pending="0" />
  </ResultSummary>
  <TestDefinitions>
    <UnitTest name="TestCoinKeeperMoneyManagement" storage="c:\users\dima\desktop\myrepos\unittestproject\bin\debug\unittestproject.dll" id="a5a26909-a45c-c052-f515-6614580780de">
      <Execution id="807374a0-e13b-46b1-8387-e66d6268687a" />
      <TestMethod codeBase="C:/Users/Dima/Desktop/MyRepos/UnitTestProject/bin/Debug/UnitTestProject.DLL" adapterTypeName="Microsoft.VisualStudio.TestTools.TestTypes.Unit.UnitTestAdapter, Microsoft.VisualStudio.QualityTools.Tips.UnitTest.Adapter, Version=11.0.0.0, Culture=neutral, PublicKeyToken=b03f5f7f11d50a3a" className="UnitTestProject.CoinKeeperTest, UnitTestProject, Version=1.0.0.0, Culture=neutral, PublicKeyToken=null" name="TestCoinKeeperMoneyManagement" />
    </UnitTest>
    <UnitTest name="TestBanknoteCheck" storage="c:\users\dima\desktop\myrepos\unittestproject\bin\debug\unittestproject.dll" id="e9fc3b5a-ff23-5bec-d540-995f2bd6bec5">
      <Execution id="3c267080-81ae-470a-9970-2822193a9b23" />
      <TestMethod codeBase="C:/Users/Dima/Desktop/MyRepos/UnitTestProject/bin/Debug/UnitTestProject.DLL" adapterTypeName="Microsoft.VisualStudio.TestTools.TestTypes.Unit.UnitTestAdapter, Microsoft.VisualStudio.QualityTools.Tips.UnitTest.Adapter, Version=11.0.0.0, Culture=neutral, PublicKeyToken=b03f5f7f11d50a3a" className="UnitTestProject.AcceptorTest, UnitTestProject, Version=1.0.0.0, Culture=neutral, PublicKeyToken=null" name="TestBanknoteCheck" />
    </UnitTest>
    <UnitTest name="TestReturnMoney" storage="c:\users\dima\desktop\myrepos\unittestproject\bin\debug\unittestproject.dll" id="66ea6b57-3b4e-b2c0-eadd-4395538837f5">
      <Execution id="307f6c3e-342a-4b7f-88bd-e84cb2db8965" />
      <TestMethod codeBase="C:/Users/Dima/Desktop/MyRepos/UnitTestProject/bin/Debug/UnitTestProject.DLL" adapterTypeName="Microsoft.VisualStudio.TestTools.TestTypes.Unit.UnitTestAdapter, Microsoft.VisualStudio.QualityTools.Tips.UnitTest.Adapter, Version=11.0.0.0, Culture=neutral, PublicKeyToken=b03f5f7f11d50a3a" className="UnitTestProject.AcceptorTest, UnitTestProject, Version=1.0.0.0, Culture=neutral, PublicKeyToken=null" name="TestReturnMoney" />
    </UnitTest>
    <UnitTest name="TestCellStringChange" storage="c:\users\dima\desktop\myrepos\unittestproject\bin\debug\unittestproject.dll" id="69855a74-08dd-62e3-0c64-b329d0825435">
      <Execution id="e374aa7a-8381-458f-be38-50425d1b23c0" />
      <TestMethod codeBase="C:/Users/Dima/Desktop/MyRepos/UnitTestProject/bin/Debug/UnitTestProject.DLL" adapterTypeName="Microsoft.VisualStudio.TestTools.TestTypes.Unit.UnitTestAdapter, Microsoft.VisualStudio.QualityTools.Tips.UnitTest.Adapter, Version=11.0.0.0, Culture=neutral, PublicKeyToken=b03f5f7f11d50a3a" className="UnitTestProject.DisplayTest, UnitTestProject, Version=1.0.0.0, Culture=neutral, PublicKeyToken=null" name="TestCellStringChange" />
    </UnitTest>
  </TestDefinitions>
  <TestLists>
    <TestList name="Отсутствующие в списке результаты" id="8c84fa94-04c1-424b-9868-57a2d4851a1d" />
    <TestList name="Все загруженные результаты" id="19431567-8539-422a-85d7-44ee4e166bda" />
  </TestLists>
  <TestEntries>
    <TestEntry testId="e9fc3b5a-ff23-5bec-d540-995f2bd6bec5" executionId="3c267080-81ae-470a-9970-2822193a9b23" testListId="8c84fa94-04c1-424b-9868-57a2d4851a1d" />
    <TestEntry testId="66ea6b57-3b4e-b2c0-eadd-4395538837f5" executionId="307f6c3e-342a-4b7f-88bd-e84cb2db8965" testListId="8c84fa94-04c1-424b-9868-57a2d4851a1d" />
    <TestEntry testId="a5a26909-a45c-c052-f515-6614580780de" executionId="807374a0-e13b-46b1-8387-e66d6268687a" testListId="8c84fa94-04c1-424b-9868-57a2d4851a1d" />
    <TestEntry testId="69855a74-08dd-62e3-0c64-b329d0825435" executionId="e374aa7a-8381-458f-be38-50425d1b23c0" testListId="8c84fa94-04c1-424b-9868-57a2d4851a1d" />
  </TestEntries>
  <Results>
    <UnitTestResult executionId="3c267080-81ae-470a-9970-2822193a9b23" testId="e9fc3b5a-ff23-5bec-d540-995f2bd6bec5" testName="TestBanknoteCheck" computerName="DIMON" duration="00:00:00.1441098" startTime="2014-04-30T15:56:28.6584655+07:00" endTime="2014-04-30T15:56:29.4735121+07:00" testType="13cdc9d9-ddb5-4fa4-a97d-d965ccfc6d4b" outcome="Passed" testListId="8c84fa94-04c1-424b-9868-57a2d4851a1d" relativeResultsDirectory="3c267080-81ae-470a-9970-2822193a9b23">
    </UnitTestResult>
    <UnitTestResult executionId="307f6c3e-342a-4b7f-88bd-e84cb2db8965" testId="66ea6b57-3b4e-b2c0-eadd-4395538837f5" testName="TestReturnMoney" computerName="DIMON" duration="00:00:00.1615627" startTime="2014-04-30T15:56:29.4765123+07:00" endTime="2014-04-30T15:56:29.6435219+07:00" testType="13cdc9d9-ddb5-4fa4-a97d-d965ccfc6d4b" outcome="Passed" testListId="8c84fa94-04c1-424b-9868-57a2d4851a1d" relativeResultsDirectory="307f6c3e-342a-4b7f-88bd-e84cb2db8965">
    </UnitTestResult>
    <UnitTestResult executionId="807374a0-e13b-46b1-8387-e66d6268687a" testId="a5a26909-a45c-c052-f515-6614580780de" testName="TestCoinKeeperMoneyManagement" computerName="DIMON" duration="00:00:00.0051850" startTime="2014-04-30T15:56:29.6455220+07:00" endTime="2014-04-30T15:56:29.6555226+07:00" testType="13cdc9d9-ddb5-4fa4-a97d-d965ccfc6d4b" outcome="Passed" testListId="8c84fa94-04c1-424b-9868-57a2d4851a1d" relativeResultsDirectory="807374a0-e13b-46b1-8387-e66d6268687a">
    </UnitTestResult>
    <UnitTestResult executionId="e374aa7a-8381-458f-be38-50425d1b23c0" testId="69855a74-08dd-62e3-0c64-b329d0825435" testName="TestCellStringChange" computerName="DIMON" duration="00:00:00.0046663" startTime="2014-04-30T15:56:29.6585227+07:00" endTime="2014-04-30T15:56:29.6715235+07:00" testType="13cdc9d9-ddb5-4fa4-a97d-d965ccfc6d4b" outcome="Passed" testListId="8c84fa94-04c1-424b-9868-57a2d4851a1d" relativeResultsDirectory="e374aa7a-8381-458f-be38-50425d1b23c0">
    </UnitTestResult>
  </Results>
</TestRun>