<?xml version="1.0" encoding="UTF-8"?>
<TestRun id="406d8846-ac5f-4489-9203-fbccb1b41579" name="Dima@DIMON 2014-05-20 00:02:03" runUser="DIMON\Dima" xmlns="http://microsoft.com/schemas/VisualStudio/TeamTest/2010">
  <TestSettings name="Параметры тестирования по умолчанию" id="694872e2-da2c-4cc0-a030-dd2dd8e0a3c1">
    <Execution>
      <TestTypeSpecific />
      <AgentRule name="Execution Agents">
      </AgentRule>
    </Execution>
    <Deployment runDeploymentRoot="Dima_DIMON 2014-05-20 00_02_03" />
  </TestSettings>
  <Times creation="2014-05-20T00:02:03.2167310+07:00" queuing="2014-05-20T00:02:03.6223317+07:00" start="2014-05-20T00:02:03.7627320+07:00" finish="2014-05-20T00:02:04.4647332+07:00" />
  <ResultSummary outcome="Failed">
    <Counters total="5" executed="5" passed="4" error="0" failed="1" timeout="0" aborted="0" inconclusive="0" passedButRunAborted="0" notRunnable="0" notExecuted="0" disconnected="0" warning="0" completed="0" inProgress="0" pending="0" />
  </ResultSummary>
  <TestDefinitions>
    <UnitTest name="TestCell" storage="buildartifacts\unittestproject.dll" id="10e2d24b-6921-ec02-0709-7ec833e67c9e">
      <Execution id="c5549566-c8da-476e-9ebc-fcf9aa9eabd2" />
      <TestMethod codeBase="C:/Users/Dima/Desktop/Vending/BuildArtifacts/UnitTestProject.DLL" adapterTypeName="Microsoft.VisualStudio.TestTools.TestTypes.Unit.UnitTestAdapter, Microsoft.VisualStudio.QualityTools.Tips.UnitTest.Adapter, Version=11.0.0.0, Culture=neutral, PublicKeyToken=b03f5f7f11d50a3a" className="UnitTestProject.CellTest, UnitTestProject, Version=1.0.0.0, Culture=neutral, PublicKeyToken=null" name="TestCell" />
    </UnitTest>
    <UnitTest name="TestBanknoteCheck" storage="buildartifacts\unittestproject.dll" id="e9fc3b5a-ff23-5bec-d540-995f2bd6bec5">
      <Execution id="e8b1d3a1-76d5-4b5f-bc2b-02df0a0148b3" />
      <TestMethod codeBase="C:/Users/Dima/Desktop/Vending/BuildArtifacts/UnitTestProject.DLL" adapterTypeName="Microsoft.VisualStudio.TestTools.TestTypes.Unit.UnitTestAdapter, Microsoft.VisualStudio.QualityTools.Tips.UnitTest.Adapter, Version=11.0.0.0, Culture=neutral, PublicKeyToken=b03f5f7f11d50a3a" className="UnitTestProject.AcceptorTest, UnitTestProject, Version=1.0.0.0, Culture=neutral, PublicKeyToken=null" name="TestBanknoteCheck" />
    </UnitTest>
    <UnitTest name="TestCoinKeeperGetMoney" storage="buildartifacts\unittestproject.dll" id="f2912896-3e3c-8f6e-d1d4-9e0f5340d814">
      <Execution id="e3cd67d6-13fe-41c2-bef9-0e30ece02548" />
      <TestMethod codeBase="C:/Users/Dima/Desktop/Vending/BuildArtifacts/UnitTestProject.DLL" adapterTypeName="Microsoft.VisualStudio.TestTools.TestTypes.Unit.UnitTestAdapter, Microsoft.VisualStudio.QualityTools.Tips.UnitTest.Adapter, Version=11.0.0.0, Culture=neutral, PublicKeyToken=b03f5f7f11d50a3a" className="UnitTestProject.CoinKeeperTest, UnitTestProject, Version=1.0.0.0, Culture=neutral, PublicKeyToken=null" name="TestCoinKeeperGetMoney" />
    </UnitTest>
    <UnitTest name="TestReturnMoney" storage="buildartifacts\unittestproject.dll" id="66ea6b57-3b4e-b2c0-eadd-4395538837f5">
      <Execution id="4f1bd488-d5d7-496e-bd5c-698c6b4940fb" />
      <TestMethod codeBase="C:/Users/Dima/Desktop/Vending/BuildArtifacts/UnitTestProject.DLL" adapterTypeName="Microsoft.VisualStudio.TestTools.TestTypes.Unit.UnitTestAdapter, Microsoft.VisualStudio.QualityTools.Tips.UnitTest.Adapter, Version=11.0.0.0, Culture=neutral, PublicKeyToken=b03f5f7f11d50a3a" className="UnitTestProject.AcceptorTest, UnitTestProject, Version=1.0.0.0, Culture=neutral, PublicKeyToken=null" name="TestReturnMoney" />
    </UnitTest>
    <UnitTest name="TestCellStringChange" storage="buildartifacts\unittestproject.dll" id="69855a74-08dd-62e3-0c64-b329d0825435">
      <Execution id="83dbdc30-0e38-44ef-9815-479b7ae45be5" />
      <TestMethod codeBase="C:/Users/Dima/Desktop/Vending/BuildArtifacts/UnitTestProject.DLL" adapterTypeName="Microsoft.VisualStudio.TestTools.TestTypes.Unit.UnitTestAdapter, Microsoft.VisualStudio.QualityTools.Tips.UnitTest.Adapter, Version=11.0.0.0, Culture=neutral, PublicKeyToken=b03f5f7f11d50a3a" className="UnitTestProject.DisplayTest, UnitTestProject, Version=1.0.0.0, Culture=neutral, PublicKeyToken=null" name="TestCellStringChange" />
    </UnitTest>
  </TestDefinitions>
  <TestLists>
    <TestList name="Отсутствующие в списке результаты" id="8c84fa94-04c1-424b-9868-57a2d4851a1d" />
    <TestList name="Все загруженные результаты" id="19431567-8539-422a-85d7-44ee4e166bda" />
  </TestLists>
  <TestEntries>
    <TestEntry testId="e9fc3b5a-ff23-5bec-d540-995f2bd6bec5" executionId="e8b1d3a1-76d5-4b5f-bc2b-02df0a0148b3" testListId="8c84fa94-04c1-424b-9868-57a2d4851a1d" />
    <TestEntry testId="66ea6b57-3b4e-b2c0-eadd-4395538837f5" executionId="4f1bd488-d5d7-496e-bd5c-698c6b4940fb" testListId="8c84fa94-04c1-424b-9868-57a2d4851a1d" />
    <TestEntry testId="10e2d24b-6921-ec02-0709-7ec833e67c9e" executionId="c5549566-c8da-476e-9ebc-fcf9aa9eabd2" testListId="8c84fa94-04c1-424b-9868-57a2d4851a1d" />
    <TestEntry testId="f2912896-3e3c-8f6e-d1d4-9e0f5340d814" executionId="e3cd67d6-13fe-41c2-bef9-0e30ece02548" testListId="8c84fa94-04c1-424b-9868-57a2d4851a1d" />
    <TestEntry testId="69855a74-08dd-62e3-0c64-b329d0825435" executionId="83dbdc30-0e38-44ef-9815-479b7ae45be5" testListId="8c84fa94-04c1-424b-9868-57a2d4851a1d" />
  </TestEntries>
  <Results>
    <UnitTestResult executionId="e8b1d3a1-76d5-4b5f-bc2b-02df0a0148b3" testId="e9fc3b5a-ff23-5bec-d540-995f2bd6bec5" testName="TestBanknoteCheck" computerName="DIMON" duration="00:00:00.0307684" startTime="2014-05-20T00:02:03.7939320+07:00" endTime="2014-05-20T00:02:04.1995327+07:00" testType="13cdc9d9-ddb5-4fa4-a97d-d965ccfc6d4b" outcome="Passed" testListId="8c84fa94-04c1-424b-9868-57a2d4851a1d" relativeResultsDirectory="e8b1d3a1-76d5-4b5f-bc2b-02df0a0148b3">
    </UnitTestResult>
    <UnitTestResult executionId="4f1bd488-d5d7-496e-bd5c-698c6b4940fb" testId="66ea6b57-3b4e-b2c0-eadd-4395538837f5" testName="TestReturnMoney" computerName="DIMON" duration="00:00:00.0032581" startTime="2014-05-20T00:02:04.2151328+07:00" endTime="2014-05-20T00:02:04.2151328+07:00" testType="13cdc9d9-ddb5-4fa4-a97d-d965ccfc6d4b" outcome="Passed" testListId="8c84fa94-04c1-424b-9868-57a2d4851a1d" relativeResultsDirectory="4f1bd488-d5d7-496e-bd5c-698c6b4940fb">
    </UnitTestResult>
    <UnitTestResult executionId="c5549566-c8da-476e-9ebc-fcf9aa9eabd2" testId="10e2d24b-6921-ec02-0709-7ec833e67c9e" testName="TestCell" computerName="DIMON" duration="00:00:00.0091636" startTime="2014-05-20T00:02:04.2619329+07:00" endTime="2014-05-20T00:02:04.2775329+07:00" testType="13cdc9d9-ddb5-4fa4-a97d-d965ccfc6d4b" outcome="Passed" testListId="8c84fa94-04c1-424b-9868-57a2d4851a1d" relativeResultsDirectory="c5549566-c8da-476e-9ebc-fcf9aa9eabd2">
    </UnitTestResult>
    <UnitTestResult executionId="e3cd67d6-13fe-41c2-bef9-0e30ece02548" testId="f2912896-3e3c-8f6e-d1d4-9e0f5340d814" testName="TestCoinKeeperGetMoney" computerName="DIMON" duration="00:00:00.0030883" startTime="2014-05-20T00:02:04.2931329+07:00" endTime="2014-05-20T00:02:04.2931329+07:00" testType="13cdc9d9-ddb5-4fa4-a97d-d965ccfc6d4b" outcome="Passed" testListId="8c84fa94-04c1-424b-9868-57a2d4851a1d" relativeResultsDirectory="e3cd67d6-13fe-41c2-bef9-0e30ece02548">
    </UnitTestResult>
    <UnitTestResult executionId="83dbdc30-0e38-44ef-9815-479b7ae45be5" testId="69855a74-08dd-62e3-0c64-b329d0825435" testName="TestCellStringChange" computerName="DIMON" duration="00:00:00.1024432" startTime="2014-05-20T00:02:04.3087329+07:00" endTime="2014-05-20T00:02:04.4023331+07:00" testType="13cdc9d9-ddb5-4fa4-a97d-d965ccfc6d4b" outcome="Failed" testListId="8c84fa94-04c1-424b-9868-57a2d4851a1d" relativeResultsDirectory="83dbdc30-0e38-44ef-9815-479b7ae45be5">
      <Output>
        <ErrorInfo>
          <Message>Ошибка в Assert.AreEqual. Ожидается: &lt;He&gt;. Фактически: &lt;o!&gt;. </Message>
          <StackTrace>   в UnitTestProject.DisplayTest.TestCellStringChange() в c:\Users\Dima\Desktop\Vending\UnitTestProject\DisplayTest.cs:строка 26
</StackTrace>
        </ErrorInfo>
      </Output>
    </UnitTestResult>
  </Results>
</TestRun>