<?xml version="1.0" encoding="UTF-8"?>
<TestRun id="061b4a6c-8a65-4cf9-943b-9887aba9f044" name="Dima@DIMON 2014-04-30 16:32:46" runUser="DIMON\Dima" xmlns="http://microsoft.com/schemas/VisualStudio/TeamTest/2010">
  <TestSettings name="Параметры тестирования по умолчанию" id="8d30d068-e744-4466-be57-ce040a5edb00">
    <Execution>
      <TestTypeSpecific />
      <AgentRule name="Execution Agents">
      </AgentRule>
    </Execution>
    <Deployment runDeploymentRoot="Dima_DIMON 2014-04-30 16_32_46" />
  </TestSettings>
  <Times creation="2014-04-30T16:32:46.5397700+07:00" queuing="2014-04-30T16:32:47.1949712+07:00" start="2014-04-30T16:32:47.3821715+07:00" finish="2014-04-30T16:32:48.4429734+07:00" />
  <ResultSummary outcome="Completed">
    <Counters total="4" executed="4" passed="4" error="0" failed="0" timeout="0" aborted="0" inconclusive="0" passedButRunAborted="0" notRunnable="0" notExecuted="0" disconnected="0" warning="0" completed="0" inProgress="0" pending="0" />
  </ResultSummary>
  <TestDefinitions>
    <UnitTest name="TestCoinKeeperMoneyManagement" storage="buildartifacts\unittestproject.dll" id="a5a26909-a45c-c052-f515-6614580780de">
      <Execution id="aaa8e071-ca19-4045-bbd3-97c61c237a96" />
      <TestMethod codeBase="C:/Users/Dima/Desktop/MyRepos/BuildArtifacts/UnitTestProject.DLL" adapterTypeName="Microsoft.VisualStudio.TestTools.TestTypes.Unit.UnitTestAdapter, Microsoft.VisualStudio.QualityTools.Tips.UnitTest.Adapter, Version=11.0.0.0, Culture=neutral, PublicKeyToken=b03f5f7f11d50a3a" className="UnitTestProject.CoinKeeperTest, UnitTestProject, Version=1.0.0.0, Culture=neutral, PublicKeyToken=null" name="TestCoinKeeperMoneyManagement" />
    </UnitTest>
    <UnitTest name="TestBanknoteCheck" storage="buildartifacts\unittestproject.dll" id="e9fc3b5a-ff23-5bec-d540-995f2bd6bec5">
      <Execution id="caa921e7-90f3-437e-b2df-1ca28fd66513" />
      <TestMethod codeBase="C:/Users/Dima/Desktop/MyRepos/BuildArtifacts/UnitTestProject.DLL" adapterTypeName="Microsoft.VisualStudio.TestTools.TestTypes.Unit.UnitTestAdapter, Microsoft.VisualStudio.QualityTools.Tips.UnitTest.Adapter, Version=11.0.0.0, Culture=neutral, PublicKeyToken=b03f5f7f11d50a3a" className="UnitTestProject.AcceptorTest, UnitTestProject, Version=1.0.0.0, Culture=neutral, PublicKeyToken=null" name="TestBanknoteCheck" />
    </UnitTest>
    <UnitTest name="TestReturnMoney" storage="buildartifacts\unittestproject.dll" id="66ea6b57-3b4e-b2c0-eadd-4395538837f5">
      <Execution id="46730ed5-0940-402b-8bf2-bff158f211ab" />
      <TestMethod codeBase="C:/Users/Dima/Desktop/MyRepos/BuildArtifacts/UnitTestProject.DLL" adapterTypeName="Microsoft.VisualStudio.TestTools.TestTypes.Unit.UnitTestAdapter, Microsoft.VisualStudio.QualityTools.Tips.UnitTest.Adapter, Version=11.0.0.0, Culture=neutral, PublicKeyToken=b03f5f7f11d50a3a" className="UnitTestProject.AcceptorTest, UnitTestProject, Version=1.0.0.0, Culture=neutral, PublicKeyToken=null" name="TestReturnMoney" />
    </UnitTest>
    <UnitTest name="TestCellStringChange" storage="buildartifacts\unittestproject.dll" id="69855a74-08dd-62e3-0c64-b329d0825435">
      <Execution id="45dc83f5-cd8d-4ed4-97bc-4352d213fa03" />
      <TestMethod codeBase="C:/Users/Dima/Desktop/MyRepos/BuildArtifacts/UnitTestProject.DLL" adapterTypeName="Microsoft.VisualStudio.TestTools.TestTypes.Unit.UnitTestAdapter, Microsoft.VisualStudio.QualityTools.Tips.UnitTest.Adapter, Version=11.0.0.0, Culture=neutral, PublicKeyToken=b03f5f7f11d50a3a" className="UnitTestProject.DisplayTest, UnitTestProject, Version=1.0.0.0, Culture=neutral, PublicKeyToken=null" name="TestCellStringChange" />
    </UnitTest>
  </TestDefinitions>
  <TestLists>
    <TestList name="Отсутствующие в списке результаты" id="8c84fa94-04c1-424b-9868-57a2d4851a1d" />
    <TestList name="Все загруженные результаты" id="19431567-8539-422a-85d7-44ee4e166bda" />
  </TestLists>
  <TestEntries>
    <TestEntry testId="e9fc3b5a-ff23-5bec-d540-995f2bd6bec5" executionId="caa921e7-90f3-437e-b2df-1ca28fd66513" testListId="8c84fa94-04c1-424b-9868-57a2d4851a1d" />
    <TestEntry testId="66ea6b57-3b4e-b2c0-eadd-4395538837f5" executionId="46730ed5-0940-402b-8bf2-bff158f211ab" testListId="8c84fa94-04c1-424b-9868-57a2d4851a1d" />
    <TestEntry testId="a5a26909-a45c-c052-f515-6614580780de" executionId="aaa8e071-ca19-4045-bbd3-97c61c237a96" testListId="8c84fa94-04c1-424b-9868-57a2d4851a1d" />
    <TestEntry testId="69855a74-08dd-62e3-0c64-b329d0825435" executionId="45dc83f5-cd8d-4ed4-97bc-4352d213fa03" testListId="8c84fa94-04c1-424b-9868-57a2d4851a1d" />
  </TestEntries>
  <Results>
    <UnitTestResult executionId="caa921e7-90f3-437e-b2df-1ca28fd66513" testId="e9fc3b5a-ff23-5bec-d540-995f2bd6bec5" testName="TestBanknoteCheck" computerName="DIMON" duration="00:00:00.1361717" startTime="2014-04-30T16:32:47.4445716+07:00" endTime="2014-04-30T16:32:48.1777729+07:00" testType="13cdc9d9-ddb5-4fa4-a97d-d965ccfc6d4b" outcome="Passed" testListId="8c84fa94-04c1-424b-9868-57a2d4851a1d" relativeResultsDirectory="caa921e7-90f3-437e-b2df-1ca28fd66513">
    </UnitTestResult>
    <UnitTestResult executionId="46730ed5-0940-402b-8bf2-bff158f211ab" testId="66ea6b57-3b4e-b2c0-eadd-4395538837f5" testName="TestReturnMoney" computerName="DIMON" duration="00:00:00.1450596" startTime="2014-04-30T16:32:48.1777729+07:00" endTime="2014-04-30T16:32:48.3337732+07:00" testType="13cdc9d9-ddb5-4fa4-a97d-d965ccfc6d4b" outcome="Passed" testListId="8c84fa94-04c1-424b-9868-57a2d4851a1d" relativeResultsDirectory="46730ed5-0940-402b-8bf2-bff158f211ab">
    </UnitTestResult>
    <UnitTestResult executionId="aaa8e071-ca19-4045-bbd3-97c61c237a96" testId="a5a26909-a45c-c052-f515-6614580780de" testName="TestCoinKeeperMoneyManagement" computerName="DIMON" duration="00:00:00.0034411" startTime="2014-04-30T16:32:48.3337732+07:00" endTime="2014-04-30T16:32:48.3493732+07:00" testType="13cdc9d9-ddb5-4fa4-a97d-d965ccfc6d4b" outcome="Passed" testListId="8c84fa94-04c1-424b-9868-57a2d4851a1d" relativeResultsDirectory="aaa8e071-ca19-4045-bbd3-97c61c237a96">
    </UnitTestResult>
    <UnitTestResult executionId="45dc83f5-cd8d-4ed4-97bc-4352d213fa03" testId="69855a74-08dd-62e3-0c64-b329d0825435" testName="TestCellStringChange" computerName="DIMON" duration="00:00:00.0053017" startTime="2014-04-30T16:32:48.3493732+07:00" endTime="2014-04-30T16:32:48.3493732+07:00" testType="13cdc9d9-ddb5-4fa4-a97d-d965ccfc6d4b" outcome="Passed" testListId="8c84fa94-04c1-424b-9868-57a2d4851a1d" relativeResultsDirectory="45dc83f5-cd8d-4ed4-97bc-4352d213fa03">
    </UnitTestResult>
  </Results>
</TestRun>