<?xml version="1.0" encoding="UTF-8"?>
<TestRun id="6e0dd6d5-8c01-45ab-940e-88a6b3820513" name="Dima@DIMON 2014-04-30 16:20:15" runUser="DIMON\Dima" xmlns="http://microsoft.com/schemas/VisualStudio/TeamTest/2010">
  <TestSettings name="Параметры тестирования по умолчанию" id="7c75323b-de8f-43d4-859c-bdea5cd456d3">
    <Execution>
      <TestTypeSpecific />
      <AgentRule name="Execution Agents">
      </AgentRule>
    </Execution>
    <Deployment runDeploymentRoot="Dima_DIMON 2014-04-30 16_20_15" />
  </TestSettings>
  <Times creation="2014-04-30T16:20:15.5684905+07:00" queuing="2014-04-30T16:20:16.1924916+07:00" start="2014-04-30T16:20:16.3640919+07:00" finish="2014-04-30T16:20:17.3936937+07:00" />
  <ResultSummary outcome="Completed">
    <Counters total="4" executed="4" passed="4" error="0" failed="0" timeout="0" aborted="0" inconclusive="0" passedButRunAborted="0" notRunnable="0" notExecuted="0" disconnected="0" warning="0" completed="0" inProgress="0" pending="0" />
  </ResultSummary>
  <TestDefinitions>
    <UnitTest name="TestCoinKeeperMoneyManagement" storage="buildartifacts\unittestproject.dll" id="a5a26909-a45c-c052-f515-6614580780de">
      <Execution id="bc548d3f-4c53-472d-bebe-58eefefd7c47" />
      <TestMethod codeBase="C:/Users/Dima/Desktop/MyRepos/BuildArtifacts/UnitTestProject.DLL" adapterTypeName="Microsoft.VisualStudio.TestTools.TestTypes.Unit.UnitTestAdapter, Microsoft.VisualStudio.QualityTools.Tips.UnitTest.Adapter, Version=11.0.0.0, Culture=neutral, PublicKeyToken=b03f5f7f11d50a3a" className="UnitTestProject.CoinKeeperTest, UnitTestProject, Version=1.0.0.0, Culture=neutral, PublicKeyToken=null" name="TestCoinKeeperMoneyManagement" />
    </UnitTest>
    <UnitTest name="TestBanknoteCheck" storage="buildartifacts\unittestproject.dll" id="e9fc3b5a-ff23-5bec-d540-995f2bd6bec5">
      <Execution id="8578a6a7-3675-43f6-9c60-4029ed3d1969" />
      <TestMethod codeBase="C:/Users/Dima/Desktop/MyRepos/BuildArtifacts/UnitTestProject.DLL" adapterTypeName="Microsoft.VisualStudio.TestTools.TestTypes.Unit.UnitTestAdapter, Microsoft.VisualStudio.QualityTools.Tips.UnitTest.Adapter, Version=11.0.0.0, Culture=neutral, PublicKeyToken=b03f5f7f11d50a3a" className="UnitTestProject.AcceptorTest, UnitTestProject, Version=1.0.0.0, Culture=neutral, PublicKeyToken=null" name="TestBanknoteCheck" />
    </UnitTest>
    <UnitTest name="TestReturnMoney" storage="buildartifacts\unittestproject.dll" id="66ea6b57-3b4e-b2c0-eadd-4395538837f5">
      <Execution id="e1502083-6dfe-4770-9050-592cf28dacea" />
      <TestMethod codeBase="C:/Users/Dima/Desktop/MyRepos/BuildArtifacts/UnitTestProject.DLL" adapterTypeName="Microsoft.VisualStudio.TestTools.TestTypes.Unit.UnitTestAdapter, Microsoft.VisualStudio.QualityTools.Tips.UnitTest.Adapter, Version=11.0.0.0, Culture=neutral, PublicKeyToken=b03f5f7f11d50a3a" className="UnitTestProject.AcceptorTest, UnitTestProject, Version=1.0.0.0, Culture=neutral, PublicKeyToken=null" name="TestReturnMoney" />
    </UnitTest>
    <UnitTest name="TestCellStringChange" storage="buildartifacts\unittestproject.dll" id="69855a74-08dd-62e3-0c64-b329d0825435">
      <Execution id="eb9ed994-06d2-4769-8cb0-d4c4e86eb547" />
      <TestMethod codeBase="C:/Users/Dima/Desktop/MyRepos/BuildArtifacts/UnitTestProject.DLL" adapterTypeName="Microsoft.VisualStudio.TestTools.TestTypes.Unit.UnitTestAdapter, Microsoft.VisualStudio.QualityTools.Tips.UnitTest.Adapter, Version=11.0.0.0, Culture=neutral, PublicKeyToken=b03f5f7f11d50a3a" className="UnitTestProject.DisplayTest, UnitTestProject, Version=1.0.0.0, Culture=neutral, PublicKeyToken=null" name="TestCellStringChange" />
    </UnitTest>
  </TestDefinitions>
  <TestLists>
    <TestList name="Отсутствующие в списке результаты" id="8c84fa94-04c1-424b-9868-57a2d4851a1d" />
    <TestList name="Все загруженные результаты" id="19431567-8539-422a-85d7-44ee4e166bda" />
  </TestLists>
  <TestEntries>
    <TestEntry testId="e9fc3b5a-ff23-5bec-d540-995f2bd6bec5" executionId="8578a6a7-3675-43f6-9c60-4029ed3d1969" testListId="8c84fa94-04c1-424b-9868-57a2d4851a1d" />
    <TestEntry testId="66ea6b57-3b4e-b2c0-eadd-4395538837f5" executionId="e1502083-6dfe-4770-9050-592cf28dacea" testListId="8c84fa94-04c1-424b-9868-57a2d4851a1d" />
    <TestEntry testId="a5a26909-a45c-c052-f515-6614580780de" executionId="bc548d3f-4c53-472d-bebe-58eefefd7c47" testListId="8c84fa94-04c1-424b-9868-57a2d4851a1d" />
    <TestEntry testId="69855a74-08dd-62e3-0c64-b329d0825435" executionId="eb9ed994-06d2-4769-8cb0-d4c4e86eb547" testListId="8c84fa94-04c1-424b-9868-57a2d4851a1d" />
  </TestEntries>
  <Results>
    <UnitTestResult executionId="8578a6a7-3675-43f6-9c60-4029ed3d1969" testId="e9fc3b5a-ff23-5bec-d540-995f2bd6bec5" testName="TestBanknoteCheck" computerName="DIMON" duration="00:00:00.1317312" startTime="2014-04-30T16:20:16.4108920+07:00" endTime="2014-04-30T16:20:17.0972932+07:00" testType="13cdc9d9-ddb5-4fa4-a97d-d965ccfc6d4b" outcome="Passed" testListId="8c84fa94-04c1-424b-9868-57a2d4851a1d" relativeResultsDirectory="8578a6a7-3675-43f6-9c60-4029ed3d1969">
    </UnitTestResult>
    <UnitTestResult executionId="e1502083-6dfe-4770-9050-592cf28dacea" testId="66ea6b57-3b4e-b2c0-eadd-4395538837f5" testName="TestReturnMoney" computerName="DIMON" duration="00:00:00.1382611" startTime="2014-04-30T16:20:17.0972932+07:00" endTime="2014-04-30T16:20:17.2376934+07:00" testType="13cdc9d9-ddb5-4fa4-a97d-d965ccfc6d4b" outcome="Passed" testListId="8c84fa94-04c1-424b-9868-57a2d4851a1d" relativeResultsDirectory="e1502083-6dfe-4770-9050-592cf28dacea">
    </UnitTestResult>
    <UnitTestResult executionId="bc548d3f-4c53-472d-bebe-58eefefd7c47" testId="a5a26909-a45c-c052-f515-6614580780de" testName="TestCoinKeeperMoneyManagement" computerName="DIMON" duration="00:00:00.0032735" startTime="2014-04-30T16:20:17.2376934+07:00" endTime="2014-04-30T16:20:17.2532935+07:00" testType="13cdc9d9-ddb5-4fa4-a97d-d965ccfc6d4b" outcome="Passed" testListId="8c84fa94-04c1-424b-9868-57a2d4851a1d" relativeResultsDirectory="bc548d3f-4c53-472d-bebe-58eefefd7c47">
    </UnitTestResult>
    <UnitTestResult executionId="eb9ed994-06d2-4769-8cb0-d4c4e86eb547" testId="69855a74-08dd-62e3-0c64-b329d0825435" testName="TestCellStringChange" computerName="DIMON" duration="00:00:00.0047821" startTime="2014-04-30T16:20:17.2532935+07:00" endTime="2014-04-30T16:20:17.2688935+07:00" testType="13cdc9d9-ddb5-4fa4-a97d-d965ccfc6d4b" outcome="Passed" testListId="8c84fa94-04c1-424b-9868-57a2d4851a1d" relativeResultsDirectory="eb9ed994-06d2-4769-8cb0-d4c4e86eb547">
    </UnitTestResult>
  </Results>
</TestRun>