<?xml version="1.0" encoding="UTF-8"?>
<TestRun id="0f22633c-1587-4bf3-945c-b7bceac54810" name="система@DIMON 2014-05-19 00:00:50" runUser="NT AUTHORITY\система" xmlns="http://microsoft.com/schemas/VisualStudio/TeamTest/2010">
  <TestSettings name="Параметры тестирования по умолчанию" id="b8cb02d3-fe3c-4828-aa96-0330487d815e">
    <Execution>
      <TestTypeSpecific />
      <AgentRule name="Execution Agents">
      </AgentRule>
    </Execution>
    <Deployment runDeploymentRoot="система_DIMON 2014-05-19 00_00_50" />
  </TestSettings>
  <Times creation="2014-05-19T00:00:50.2585072+07:00" queuing="2014-05-19T00:00:51.2495639+07:00" start="2014-05-19T00:00:51.4555757+07:00" finish="2014-05-19T00:00:52.6856460+07:00" />
  <ResultSummary outcome="Failed">
    <Counters total="5" executed="5" passed="4" error="0" failed="1" timeout="0" aborted="0" inconclusive="0" passedButRunAborted="0" notRunnable="0" notExecuted="0" disconnected="0" warning="0" completed="0" inProgress="0" pending="0" />
  </ResultSummary>
  <TestDefinitions>
    <UnitTest name="TestCell" storage="buildartifacts\unittestproject.dll" id="10e2d24b-6921-ec02-0709-7ec833e67c9e">
      <Execution id="83797ab6-7a9d-4c86-a2c6-3e5d2147f5a8" />
      <TestMethod codeBase="C:/Users/Dima/Desktop/MyRepos/BuildArtifacts/UnitTestProject.DLL" adapterTypeName="Microsoft.VisualStudio.TestTools.TestTypes.Unit.UnitTestAdapter, Microsoft.VisualStudio.QualityTools.Tips.UnitTest.Adapter, Version=11.0.0.0, Culture=neutral, PublicKeyToken=b03f5f7f11d50a3a" className="UnitTestProject.CellTest, UnitTestProject, Version=1.0.0.0, Culture=neutral, PublicKeyToken=null" name="TestCell" />
    </UnitTest>
    <UnitTest name="TestBanknoteCheck" storage="buildartifacts\unittestproject.dll" id="e9fc3b5a-ff23-5bec-d540-995f2bd6bec5">
      <Execution id="bea206ae-40dc-418e-bb24-4299629570ee" />
      <TestMethod codeBase="C:/Users/Dima/Desktop/MyRepos/BuildArtifacts/UnitTestProject.DLL" adapterTypeName="Microsoft.VisualStudio.TestTools.TestTypes.Unit.UnitTestAdapter, Microsoft.VisualStudio.QualityTools.Tips.UnitTest.Adapter, Version=11.0.0.0, Culture=neutral, PublicKeyToken=b03f5f7f11d50a3a" className="UnitTestProject.AcceptorTest, UnitTestProject, Version=1.0.0.0, Culture=neutral, PublicKeyToken=null" name="TestBanknoteCheck" />
    </UnitTest>
    <UnitTest name="TestCoinKeeperGetMoney" storage="buildartifacts\unittestproject.dll" id="f2912896-3e3c-8f6e-d1d4-9e0f5340d814">
      <Execution id="5233a244-5dd3-4c86-bf07-7e3a5690749a" />
      <TestMethod codeBase="C:/Users/Dima/Desktop/MyRepos/BuildArtifacts/UnitTestProject.DLL" adapterTypeName="Microsoft.VisualStudio.TestTools.TestTypes.Unit.UnitTestAdapter, Microsoft.VisualStudio.QualityTools.Tips.UnitTest.Adapter, Version=11.0.0.0, Culture=neutral, PublicKeyToken=b03f5f7f11d50a3a" className="UnitTestProject.CoinKeeperTest, UnitTestProject, Version=1.0.0.0, Culture=neutral, PublicKeyToken=null" name="TestCoinKeeperGetMoney" />
    </UnitTest>
    <UnitTest name="TestReturnMoney" storage="buildartifacts\unittestproject.dll" id="66ea6b57-3b4e-b2c0-eadd-4395538837f5">
      <Execution id="31b4a4bc-a8aa-48cb-bed4-a643d7167900" />
      <TestMethod codeBase="C:/Users/Dima/Desktop/MyRepos/BuildArtifacts/UnitTestProject.DLL" adapterTypeName="Microsoft.VisualStudio.TestTools.TestTypes.Unit.UnitTestAdapter, Microsoft.VisualStudio.QualityTools.Tips.UnitTest.Adapter, Version=11.0.0.0, Culture=neutral, PublicKeyToken=b03f5f7f11d50a3a" className="UnitTestProject.AcceptorTest, UnitTestProject, Version=1.0.0.0, Culture=neutral, PublicKeyToken=null" name="TestReturnMoney" />
    </UnitTest>
    <UnitTest name="TestCellStringChange" storage="buildartifacts\unittestproject.dll" id="69855a74-08dd-62e3-0c64-b329d0825435">
      <Execution id="ac09638f-fde7-40fc-b7ae-f37cb4f80c4b" />
      <TestMethod codeBase="C:/Users/Dima/Desktop/MyRepos/BuildArtifacts/UnitTestProject.DLL" adapterTypeName="Microsoft.VisualStudio.TestTools.TestTypes.Unit.UnitTestAdapter, Microsoft.VisualStudio.QualityTools.Tips.UnitTest.Adapter, Version=11.0.0.0, Culture=neutral, PublicKeyToken=b03f5f7f11d50a3a" className="UnitTestProject.DisplayTest, UnitTestProject, Version=1.0.0.0, Culture=neutral, PublicKeyToken=null" name="TestCellStringChange" />
    </UnitTest>
  </TestDefinitions>
  <TestLists>
    <TestList name="Отсутствующие в списке результаты" id="8c84fa94-04c1-424b-9868-57a2d4851a1d" />
    <TestList name="Все загруженные результаты" id="19431567-8539-422a-85d7-44ee4e166bda" />
  </TestLists>
  <TestEntries>
    <TestEntry testId="e9fc3b5a-ff23-5bec-d540-995f2bd6bec5" executionId="bea206ae-40dc-418e-bb24-4299629570ee" testListId="8c84fa94-04c1-424b-9868-57a2d4851a1d" />
    <TestEntry testId="66ea6b57-3b4e-b2c0-eadd-4395538837f5" executionId="31b4a4bc-a8aa-48cb-bed4-a643d7167900" testListId="8c84fa94-04c1-424b-9868-57a2d4851a1d" />
    <TestEntry testId="10e2d24b-6921-ec02-0709-7ec833e67c9e" executionId="83797ab6-7a9d-4c86-a2c6-3e5d2147f5a8" testListId="8c84fa94-04c1-424b-9868-57a2d4851a1d" />
    <TestEntry testId="f2912896-3e3c-8f6e-d1d4-9e0f5340d814" executionId="5233a244-5dd3-4c86-bf07-7e3a5690749a" testListId="8c84fa94-04c1-424b-9868-57a2d4851a1d" />
    <TestEntry testId="69855a74-08dd-62e3-0c64-b329d0825435" executionId="ac09638f-fde7-40fc-b7ae-f37cb4f80c4b" testListId="8c84fa94-04c1-424b-9868-57a2d4851a1d" />
  </TestEntries>
  <Results>
    <UnitTestResult executionId="bea206ae-40dc-418e-bb24-4299629570ee" testId="e9fc3b5a-ff23-5bec-d540-995f2bd6bec5" testName="TestBanknoteCheck" computerName="DIMON" duration="00:00:00.0481887" startTime="2014-05-19T00:00:51.5815829+07:00" endTime="2014-05-19T00:00:52.2166192+07:00" testType="13cdc9d9-ddb5-4fa4-a97d-d965ccfc6d4b" outcome="Passed" testListId="8c84fa94-04c1-424b-9868-57a2d4851a1d" relativeResultsDirectory="bea206ae-40dc-418e-bb24-4299629570ee">
    </UnitTestResult>
    <UnitTestResult executionId="31b4a4bc-a8aa-48cb-bed4-a643d7167900" testId="66ea6b57-3b4e-b2c0-eadd-4395538837f5" testName="TestReturnMoney" computerName="DIMON" duration="00:00:00.0046803" startTime="2014-05-19T00:00:52.2196194+07:00" endTime="2014-05-19T00:00:52.2286199+07:00" testType="13cdc9d9-ddb5-4fa4-a97d-d965ccfc6d4b" outcome="Passed" testListId="8c84fa94-04c1-424b-9868-57a2d4851a1d" relativeResultsDirectory="31b4a4bc-a8aa-48cb-bed4-a643d7167900">
    </UnitTestResult>
    <UnitTestResult executionId="83797ab6-7a9d-4c86-a2c6-3e5d2147f5a8" testId="10e2d24b-6921-ec02-0709-7ec833e67c9e" testName="TestCell" computerName="DIMON" duration="00:00:00.0139601" startTime="2014-05-19T00:00:52.2366204+07:00" endTime="2014-05-19T00:00:52.2576216+07:00" testType="13cdc9d9-ddb5-4fa4-a97d-d965ccfc6d4b" outcome="Passed" testListId="8c84fa94-04c1-424b-9868-57a2d4851a1d" relativeResultsDirectory="83797ab6-7a9d-4c86-a2c6-3e5d2147f5a8">
    </UnitTestResult>
    <UnitTestResult executionId="5233a244-5dd3-4c86-bf07-7e3a5690749a" testId="f2912896-3e3c-8f6e-d1d4-9e0f5340d814" testName="TestCoinKeeperGetMoney" computerName="DIMON" duration="00:00:00.0031703" startTime="2014-05-19T00:00:52.2666221+07:00" endTime="2014-05-19T00:00:52.2756226+07:00" testType="13cdc9d9-ddb5-4fa4-a97d-d965ccfc6d4b" outcome="Passed" testListId="8c84fa94-04c1-424b-9868-57a2d4851a1d" relativeResultsDirectory="5233a244-5dd3-4c86-bf07-7e3a5690749a">
    </UnitTestResult>
    <UnitTestResult executionId="ac09638f-fde7-40fc-b7ae-f37cb4f80c4b" testId="69855a74-08dd-62e3-0c64-b329d0825435" testName="TestCellStringChange" computerName="DIMON" duration="00:00:00.3174446" startTime="2014-05-19T00:00:52.2776227+07:00" endTime="2014-05-19T00:00:52.6016412+07:00" testType="13cdc9d9-ddb5-4fa4-a97d-d965ccfc6d4b" outcome="Failed" testListId="8c84fa94-04c1-424b-9868-57a2d4851a1d" relativeResultsDirectory="ac09638f-fde7-40fc-b7ae-f37cb4f80c4b">
      <Output>
        <ErrorInfo>
          <Message>Ошибка в Assert.AreEqual. Ожидается: &lt;He&gt;. Фактически: &lt;o!&gt;. </Message>
          <StackTrace>   в UnitTestProject.DisplayTest.TestCellStringChange() в c:\Users\Dima\Desktop\MyRepos\UnitTestProject\DisplayTest.cs:строка 26
</StackTrace>
        </ErrorInfo>
      </Output>
    </UnitTestResult>
  </Results>
</TestRun>