<?xml version="1.0" encoding="UTF-8"?>
<TestRun id="54d3e6aa-5e1c-4473-88e3-9428eb12fb23" name="система@DIMON 2014-05-14 17:00:04" runUser="NT AUTHORITY\система" xmlns="http://microsoft.com/schemas/VisualStudio/TeamTest/2010">
  <TestSettings name="Параметры тестирования по умолчанию" id="bee2a24a-c604-4477-87bc-b1e813ab74ea">
    <Execution>
      <TestTypeSpecific />
      <AgentRule name="Execution Agents">
      </AgentRule>
    </Execution>
    <Deployment runDeploymentRoot="система_DIMON 2014-05-14 17_00_04" />
  </TestSettings>
  <Times creation="2014-05-14T17:00:04.6278495+07:00" queuing="2014-05-14T17:00:05.1918817+07:00" start="2014-05-14T17:00:05.3888930+07:00" finish="2014-05-14T17:00:06.4649546+07:00" />
  <ResultSummary outcome="Completed">
    <Counters total="5" executed="5" passed="5" error="0" failed="0" timeout="0" aborted="0" inconclusive="0" passedButRunAborted="0" notRunnable="0" notExecuted="0" disconnected="0" warning="0" completed="0" inProgress="0" pending="0" />
  </ResultSummary>
  <TestDefinitions>
    <UnitTest name="TestCell" storage="buildartifacts\unittestproject.dll" id="10e2d24b-6921-ec02-0709-7ec833e67c9e">
      <Execution id="0af76c05-61b9-4c6b-8222-f1918c63b13c" />
      <TestMethod codeBase="C:/Users/Dima/Desktop/MyRepos/BuildArtifacts/UnitTestProject.DLL" adapterTypeName="Microsoft.VisualStudio.TestTools.TestTypes.Unit.UnitTestAdapter, Microsoft.VisualStudio.QualityTools.Tips.UnitTest.Adapter, Version=11.0.0.0, Culture=neutral, PublicKeyToken=b03f5f7f11d50a3a" className="UnitTestProject.CellTest, UnitTestProject, Version=1.0.0.0, Culture=neutral, PublicKeyToken=null" name="TestCell" />
    </UnitTest>
    <UnitTest name="TestBanknoteCheck" storage="buildartifacts\unittestproject.dll" id="e9fc3b5a-ff23-5bec-d540-995f2bd6bec5">
      <Execution id="301dddec-d28e-42f7-b6a1-05f6dc0d44eb" />
      <TestMethod codeBase="C:/Users/Dima/Desktop/MyRepos/BuildArtifacts/UnitTestProject.DLL" adapterTypeName="Microsoft.VisualStudio.TestTools.TestTypes.Unit.UnitTestAdapter, Microsoft.VisualStudio.QualityTools.Tips.UnitTest.Adapter, Version=11.0.0.0, Culture=neutral, PublicKeyToken=b03f5f7f11d50a3a" className="UnitTestProject.AcceptorTest, UnitTestProject, Version=1.0.0.0, Culture=neutral, PublicKeyToken=null" name="TestBanknoteCheck" />
    </UnitTest>
    <UnitTest name="TestCoinKeeperGetMoney" storage="buildartifacts\unittestproject.dll" id="f2912896-3e3c-8f6e-d1d4-9e0f5340d814">
      <Execution id="9fa59fcf-c8df-42c5-88cc-c27e67744454" />
      <TestMethod codeBase="C:/Users/Dima/Desktop/MyRepos/BuildArtifacts/UnitTestProject.DLL" adapterTypeName="Microsoft.VisualStudio.TestTools.TestTypes.Unit.UnitTestAdapter, Microsoft.VisualStudio.QualityTools.Tips.UnitTest.Adapter, Version=11.0.0.0, Culture=neutral, PublicKeyToken=b03f5f7f11d50a3a" className="UnitTestProject.CoinKeeperTest, UnitTestProject, Version=1.0.0.0, Culture=neutral, PublicKeyToken=null" name="TestCoinKeeperGetMoney" />
    </UnitTest>
    <UnitTest name="TestReturnMoney" storage="buildartifacts\unittestproject.dll" id="66ea6b57-3b4e-b2c0-eadd-4395538837f5">
      <Execution id="7b669c97-5c11-458c-aa39-a743f9c7014c" />
      <TestMethod codeBase="C:/Users/Dima/Desktop/MyRepos/BuildArtifacts/UnitTestProject.DLL" adapterTypeName="Microsoft.VisualStudio.TestTools.TestTypes.Unit.UnitTestAdapter, Microsoft.VisualStudio.QualityTools.Tips.UnitTest.Adapter, Version=11.0.0.0, Culture=neutral, PublicKeyToken=b03f5f7f11d50a3a" className="UnitTestProject.AcceptorTest, UnitTestProject, Version=1.0.0.0, Culture=neutral, PublicKeyToken=null" name="TestReturnMoney" />
    </UnitTest>
    <UnitTest name="TestCellStringChange" storage="buildartifacts\unittestproject.dll" id="69855a74-08dd-62e3-0c64-b329d0825435">
      <Execution id="674eed65-984c-41b8-84b3-18588b442371" />
      <TestMethod codeBase="C:/Users/Dima/Desktop/MyRepos/BuildArtifacts/UnitTestProject.DLL" adapterTypeName="Microsoft.VisualStudio.TestTools.TestTypes.Unit.UnitTestAdapter, Microsoft.VisualStudio.QualityTools.Tips.UnitTest.Adapter, Version=11.0.0.0, Culture=neutral, PublicKeyToken=b03f5f7f11d50a3a" className="UnitTestProject.DisplayTest, UnitTestProject, Version=1.0.0.0, Culture=neutral, PublicKeyToken=null" name="TestCellStringChange" />
    </UnitTest>
  </TestDefinitions>
  <TestLists>
    <TestList name="Отсутствующие в списке результаты" id="8c84fa94-04c1-424b-9868-57a2d4851a1d" />
    <TestList name="Все загруженные результаты" id="19431567-8539-422a-85d7-44ee4e166bda" />
  </TestLists>
  <TestEntries>
    <TestEntry testId="e9fc3b5a-ff23-5bec-d540-995f2bd6bec5" executionId="301dddec-d28e-42f7-b6a1-05f6dc0d44eb" testListId="8c84fa94-04c1-424b-9868-57a2d4851a1d" />
    <TestEntry testId="66ea6b57-3b4e-b2c0-eadd-4395538837f5" executionId="7b669c97-5c11-458c-aa39-a743f9c7014c" testListId="8c84fa94-04c1-424b-9868-57a2d4851a1d" />
    <TestEntry testId="10e2d24b-6921-ec02-0709-7ec833e67c9e" executionId="0af76c05-61b9-4c6b-8222-f1918c63b13c" testListId="8c84fa94-04c1-424b-9868-57a2d4851a1d" />
    <TestEntry testId="f2912896-3e3c-8f6e-d1d4-9e0f5340d814" executionId="9fa59fcf-c8df-42c5-88cc-c27e67744454" testListId="8c84fa94-04c1-424b-9868-57a2d4851a1d" />
    <TestEntry testId="69855a74-08dd-62e3-0c64-b329d0825435" executionId="674eed65-984c-41b8-84b3-18588b442371" testListId="8c84fa94-04c1-424b-9868-57a2d4851a1d" />
  </TestEntries>
  <Results>
    <UnitTestResult executionId="301dddec-d28e-42f7-b6a1-05f6dc0d44eb" testId="e9fc3b5a-ff23-5bec-d540-995f2bd6bec5" testName="TestBanknoteCheck" computerName="DIMON" duration="00:00:00.1230846" startTime="2014-05-14T17:00:05.4478964+07:00" endTime="2014-05-14T17:00:06.1459363+07:00" testType="13cdc9d9-ddb5-4fa4-a97d-d965ccfc6d4b" outcome="Passed" testListId="8c84fa94-04c1-424b-9868-57a2d4851a1d" relativeResultsDirectory="301dddec-d28e-42f7-b6a1-05f6dc0d44eb">
    </UnitTestResult>
    <UnitTestResult executionId="7b669c97-5c11-458c-aa39-a743f9c7014c" testId="66ea6b57-3b4e-b2c0-eadd-4395538837f5" testName="TestReturnMoney" computerName="DIMON" duration="00:00:00.1124265" startTime="2014-05-14T17:00:06.1549368+07:00" endTime="2014-05-14T17:00:06.2879444+07:00" testType="13cdc9d9-ddb5-4fa4-a97d-d965ccfc6d4b" outcome="Passed" testListId="8c84fa94-04c1-424b-9868-57a2d4851a1d" relativeResultsDirectory="7b669c97-5c11-458c-aa39-a743f9c7014c">
    </UnitTestResult>
    <UnitTestResult executionId="0af76c05-61b9-4c6b-8222-f1918c63b13c" testId="10e2d24b-6921-ec02-0709-7ec833e67c9e" testName="TestCell" computerName="DIMON" duration="00:00:00.0082339" startTime="2014-05-14T17:00:06.2909446+07:00" endTime="2014-05-14T17:00:06.3099457+07:00" testType="13cdc9d9-ddb5-4fa4-a97d-d965ccfc6d4b" outcome="Passed" testListId="8c84fa94-04c1-424b-9868-57a2d4851a1d" relativeResultsDirectory="0af76c05-61b9-4c6b-8222-f1918c63b13c">
    </UnitTestResult>
    <UnitTestResult executionId="9fa59fcf-c8df-42c5-88cc-c27e67744454" testId="f2912896-3e3c-8f6e-d1d4-9e0f5340d814" testName="TestCoinKeeperGetMoney" computerName="DIMON" duration="00:00:00.0031926" startTime="2014-05-14T17:00:06.3119458+07:00" endTime="2014-05-14T17:00:06.3279467+07:00" testType="13cdc9d9-ddb5-4fa4-a97d-d965ccfc6d4b" outcome="Passed" testListId="8c84fa94-04c1-424b-9868-57a2d4851a1d" relativeResultsDirectory="9fa59fcf-c8df-42c5-88cc-c27e67744454">
    </UnitTestResult>
    <UnitTestResult executionId="674eed65-984c-41b8-84b3-18588b442371" testId="69855a74-08dd-62e3-0c64-b329d0825435" testName="TestCellStringChange" computerName="DIMON" duration="00:00:00.0050818" startTime="2014-05-14T17:00:06.3309469+07:00" endTime="2014-05-14T17:00:06.3409475+07:00" testType="13cdc9d9-ddb5-4fa4-a97d-d965ccfc6d4b" outcome="Passed" testListId="8c84fa94-04c1-424b-9868-57a2d4851a1d" relativeResultsDirectory="674eed65-984c-41b8-84b3-18588b442371">
    </UnitTestResult>
  </Results>
</TestRun>