<?xml version="1.0" encoding="UTF-8"?>
<TestRun id="3f34e555-3dd2-4cce-9709-147a4623f3bf" name="система@DIMON 2014-05-14 00:21:31" runUser="NT AUTHORITY\система" xmlns="http://microsoft.com/schemas/VisualStudio/TeamTest/2010">
  <TestSettings name="Параметры тестирования по умолчанию" id="69145c2f-5285-40ba-9b6f-5add47167d26">
    <Execution>
      <TestTypeSpecific />
      <AgentRule name="Execution Agents">
      </AgentRule>
    </Execution>
    <Deployment runDeploymentRoot="система_DIMON 2014-05-14 00_21_31" />
  </TestSettings>
  <Times creation="2014-05-14T00:21:31.1454348+07:00" queuing="2014-05-14T00:21:31.9394802+07:00" start="2014-05-14T00:21:32.2144959+07:00" finish="2014-05-14T00:21:33.9275939+07:00" />
  <ResultSummary outcome="Completed">
    <Counters total="5" executed="5" passed="5" error="0" failed="0" timeout="0" aborted="0" inconclusive="0" passedButRunAborted="0" notRunnable="0" notExecuted="0" disconnected="0" warning="0" completed="0" inProgress="0" pending="0" />
  </ResultSummary>
  <TestDefinitions>
    <UnitTest name="TestCell" storage="buildartifacts\unittestproject.dll" id="10e2d24b-6921-ec02-0709-7ec833e67c9e">
      <Execution id="b1f59afe-88af-444d-9f00-91684177a30b" />
      <TestMethod codeBase="C:/Users/Dima/Desktop/MyRepos/BuildArtifacts/UnitTestProject.DLL" adapterTypeName="Microsoft.VisualStudio.TestTools.TestTypes.Unit.UnitTestAdapter, Microsoft.VisualStudio.QualityTools.Tips.UnitTest.Adapter, Version=11.0.0.0, Culture=neutral, PublicKeyToken=b03f5f7f11d50a3a" className="UnitTestProject.CellTest, UnitTestProject, Version=1.0.0.0, Culture=neutral, PublicKeyToken=null" name="TestCell" />
    </UnitTest>
    <UnitTest name="TestBanknoteCheck" storage="buildartifacts\unittestproject.dll" id="e9fc3b5a-ff23-5bec-d540-995f2bd6bec5">
      <Execution id="ebb4c4b7-3e06-4c2b-8187-4971000c6d08" />
      <TestMethod codeBase="C:/Users/Dima/Desktop/MyRepos/BuildArtifacts/UnitTestProject.DLL" adapterTypeName="Microsoft.VisualStudio.TestTools.TestTypes.Unit.UnitTestAdapter, Microsoft.VisualStudio.QualityTools.Tips.UnitTest.Adapter, Version=11.0.0.0, Culture=neutral, PublicKeyToken=b03f5f7f11d50a3a" className="UnitTestProject.AcceptorTest, UnitTestProject, Version=1.0.0.0, Culture=neutral, PublicKeyToken=null" name="TestBanknoteCheck" />
    </UnitTest>
    <UnitTest name="TestCoinKeeperGetMoney" storage="buildartifacts\unittestproject.dll" id="f2912896-3e3c-8f6e-d1d4-9e0f5340d814">
      <Execution id="1f268ec0-d752-417a-9a6d-02c4c9be3795" />
      <TestMethod codeBase="C:/Users/Dima/Desktop/MyRepos/BuildArtifacts/UnitTestProject.DLL" adapterTypeName="Microsoft.VisualStudio.TestTools.TestTypes.Unit.UnitTestAdapter, Microsoft.VisualStudio.QualityTools.Tips.UnitTest.Adapter, Version=11.0.0.0, Culture=neutral, PublicKeyToken=b03f5f7f11d50a3a" className="UnitTestProject.CoinKeeperTest, UnitTestProject, Version=1.0.0.0, Culture=neutral, PublicKeyToken=null" name="TestCoinKeeperGetMoney" />
    </UnitTest>
    <UnitTest name="TestReturnMoney" storage="buildartifacts\unittestproject.dll" id="66ea6b57-3b4e-b2c0-eadd-4395538837f5">
      <Execution id="d642cb30-dbd4-4ee7-b08b-410824a59616" />
      <TestMethod codeBase="C:/Users/Dima/Desktop/MyRepos/BuildArtifacts/UnitTestProject.DLL" adapterTypeName="Microsoft.VisualStudio.TestTools.TestTypes.Unit.UnitTestAdapter, Microsoft.VisualStudio.QualityTools.Tips.UnitTest.Adapter, Version=11.0.0.0, Culture=neutral, PublicKeyToken=b03f5f7f11d50a3a" className="UnitTestProject.AcceptorTest, UnitTestProject, Version=1.0.0.0, Culture=neutral, PublicKeyToken=null" name="TestReturnMoney" />
    </UnitTest>
    <UnitTest name="TestCellStringChange" storage="buildartifacts\unittestproject.dll" id="69855a74-08dd-62e3-0c64-b329d0825435">
      <Execution id="a031f14d-071f-45c0-ab3f-e0c227748be9" />
      <TestMethod codeBase="C:/Users/Dima/Desktop/MyRepos/BuildArtifacts/UnitTestProject.DLL" adapterTypeName="Microsoft.VisualStudio.TestTools.TestTypes.Unit.UnitTestAdapter, Microsoft.VisualStudio.QualityTools.Tips.UnitTest.Adapter, Version=11.0.0.0, Culture=neutral, PublicKeyToken=b03f5f7f11d50a3a" className="UnitTestProject.DisplayTest, UnitTestProject, Version=1.0.0.0, Culture=neutral, PublicKeyToken=null" name="TestCellStringChange" />
    </UnitTest>
  </TestDefinitions>
  <TestLists>
    <TestList name="Отсутствующие в списке результаты" id="8c84fa94-04c1-424b-9868-57a2d4851a1d" />
    <TestList name="Все загруженные результаты" id="19431567-8539-422a-85d7-44ee4e166bda" />
  </TestLists>
  <TestEntries>
    <TestEntry testId="e9fc3b5a-ff23-5bec-d540-995f2bd6bec5" executionId="ebb4c4b7-3e06-4c2b-8187-4971000c6d08" testListId="8c84fa94-04c1-424b-9868-57a2d4851a1d" />
    <TestEntry testId="66ea6b57-3b4e-b2c0-eadd-4395538837f5" executionId="d642cb30-dbd4-4ee7-b08b-410824a59616" testListId="8c84fa94-04c1-424b-9868-57a2d4851a1d" />
    <TestEntry testId="10e2d24b-6921-ec02-0709-7ec833e67c9e" executionId="b1f59afe-88af-444d-9f00-91684177a30b" testListId="8c84fa94-04c1-424b-9868-57a2d4851a1d" />
    <TestEntry testId="f2912896-3e3c-8f6e-d1d4-9e0f5340d814" executionId="1f268ec0-d752-417a-9a6d-02c4c9be3795" testListId="8c84fa94-04c1-424b-9868-57a2d4851a1d" />
    <TestEntry testId="69855a74-08dd-62e3-0c64-b329d0825435" executionId="a031f14d-071f-45c0-ab3f-e0c227748be9" testListId="8c84fa94-04c1-424b-9868-57a2d4851a1d" />
  </TestEntries>
  <Results>
    <UnitTestResult executionId="ebb4c4b7-3e06-4c2b-8187-4971000c6d08" testId="e9fc3b5a-ff23-5bec-d540-995f2bd6bec5" testName="TestBanknoteCheck" computerName="DIMON" duration="00:00:00.3061596" startTime="2014-05-14T00:21:32.2855000+07:00" endTime="2014-05-14T00:21:33.4985694+07:00" testType="13cdc9d9-ddb5-4fa4-a97d-d965ccfc6d4b" outcome="Passed" testListId="8c84fa94-04c1-424b-9868-57a2d4851a1d" relativeResultsDirectory="ebb4c4b7-3e06-4c2b-8187-4971000c6d08">
    </UnitTestResult>
    <UnitTestResult executionId="d642cb30-dbd4-4ee7-b08b-410824a59616" testId="66ea6b57-3b4e-b2c0-eadd-4395538837f5" testName="TestReturnMoney" computerName="DIMON" duration="00:00:00.1850500" startTime="2014-05-14T00:21:33.5035696+07:00" endTime="2014-05-14T00:21:33.7055812+07:00" testType="13cdc9d9-ddb5-4fa4-a97d-d965ccfc6d4b" outcome="Passed" testListId="8c84fa94-04c1-424b-9868-57a2d4851a1d" relativeResultsDirectory="d642cb30-dbd4-4ee7-b08b-410824a59616">
    </UnitTestResult>
    <UnitTestResult executionId="b1f59afe-88af-444d-9f00-91684177a30b" testId="10e2d24b-6921-ec02-0709-7ec833e67c9e" testName="TestCell" computerName="DIMON" duration="00:00:00.0107950" startTime="2014-05-14T00:21:33.7085814+07:00" endTime="2014-05-14T00:21:33.7295826+07:00" testType="13cdc9d9-ddb5-4fa4-a97d-d965ccfc6d4b" outcome="Passed" testListId="8c84fa94-04c1-424b-9868-57a2d4851a1d" relativeResultsDirectory="b1f59afe-88af-444d-9f00-91684177a30b">
    </UnitTestResult>
    <UnitTestResult executionId="1f268ec0-d752-417a-9a6d-02c4c9be3795" testId="f2912896-3e3c-8f6e-d1d4-9e0f5340d814" testName="TestCoinKeeperGetMoney" computerName="DIMON" duration="00:00:00.0064956" startTime="2014-05-14T00:21:33.7315827+07:00" endTime="2014-05-14T00:21:33.7575842+07:00" testType="13cdc9d9-ddb5-4fa4-a97d-d965ccfc6d4b" outcome="Passed" testListId="8c84fa94-04c1-424b-9868-57a2d4851a1d" relativeResultsDirectory="1f268ec0-d752-417a-9a6d-02c4c9be3795">
    </UnitTestResult>
    <UnitTestResult executionId="a031f14d-071f-45c0-ab3f-e0c227748be9" testId="69855a74-08dd-62e3-0c64-b329d0825435" testName="TestCellStringChange" computerName="DIMON" duration="00:00:00.0090122" startTime="2014-05-14T00:21:33.7625845+07:00" endTime="2014-05-14T00:21:33.7795854+07:00" testType="13cdc9d9-ddb5-4fa4-a97d-d965ccfc6d4b" outcome="Passed" testListId="8c84fa94-04c1-424b-9868-57a2d4851a1d" relativeResultsDirectory="a031f14d-071f-45c0-ab3f-e0c227748be9">
    </UnitTestResult>
  </Results>
</TestRun>