<?xml version="1.0" encoding="UTF-8"?>
<TestRun id="31cef689-d7d8-4bd5-aeff-7ebbefcd044c" name="система@DIMON 2014-05-14 00:24:04" runUser="NT AUTHORITY\система" xmlns="http://microsoft.com/schemas/VisualStudio/TeamTest/2010">
  <TestSettings name="Параметры тестирования по умолчанию" id="d37d74f8-d1db-4309-a5b4-9a1d86d7f77d">
    <Execution>
      <TestTypeSpecific />
      <AgentRule name="Execution Agents">
      </AgentRule>
    </Execution>
    <Deployment runDeploymentRoot="система_DIMON 2014-05-14 00_24_04" />
  </TestSettings>
  <Times creation="2014-05-14T00:24:04.2481917+07:00" queuing="2014-05-14T00:24:05.0252362+07:00" start="2014-05-14T00:24:05.2972517+07:00" finish="2014-05-14T00:24:06.7973375+07:00" />
  <ResultSummary outcome="Completed">
    <Counters total="5" executed="5" passed="5" error="0" failed="0" timeout="0" aborted="0" inconclusive="0" passedButRunAborted="0" notRunnable="0" notExecuted="0" disconnected="0" warning="0" completed="0" inProgress="0" pending="0" />
  </ResultSummary>
  <TestDefinitions>
    <UnitTest name="TestCell" storage="buildartifacts\unittestproject.dll" id="10e2d24b-6921-ec02-0709-7ec833e67c9e">
      <Execution id="353adc72-9171-4780-a9af-aa9016891840" />
      <TestMethod codeBase="C:/Users/Dima/Desktop/MyRepos/BuildArtifacts/UnitTestProject.DLL" adapterTypeName="Microsoft.VisualStudio.TestTools.TestTypes.Unit.UnitTestAdapter, Microsoft.VisualStudio.QualityTools.Tips.UnitTest.Adapter, Version=11.0.0.0, Culture=neutral, PublicKeyToken=b03f5f7f11d50a3a" className="UnitTestProject.CellTest, UnitTestProject, Version=1.0.0.0, Culture=neutral, PublicKeyToken=null" name="TestCell" />
    </UnitTest>
    <UnitTest name="TestBanknoteCheck" storage="buildartifacts\unittestproject.dll" id="e9fc3b5a-ff23-5bec-d540-995f2bd6bec5">
      <Execution id="8f762f5d-4f73-457b-9964-3bb25a1af00a" />
      <TestMethod codeBase="C:/Users/Dima/Desktop/MyRepos/BuildArtifacts/UnitTestProject.DLL" adapterTypeName="Microsoft.VisualStudio.TestTools.TestTypes.Unit.UnitTestAdapter, Microsoft.VisualStudio.QualityTools.Tips.UnitTest.Adapter, Version=11.0.0.0, Culture=neutral, PublicKeyToken=b03f5f7f11d50a3a" className="UnitTestProject.AcceptorTest, UnitTestProject, Version=1.0.0.0, Culture=neutral, PublicKeyToken=null" name="TestBanknoteCheck" />
    </UnitTest>
    <UnitTest name="TestCoinKeeperGetMoney" storage="buildartifacts\unittestproject.dll" id="f2912896-3e3c-8f6e-d1d4-9e0f5340d814">
      <Execution id="e4ebeedb-1461-4e41-a50c-d84943932ac4" />
      <TestMethod codeBase="C:/Users/Dima/Desktop/MyRepos/BuildArtifacts/UnitTestProject.DLL" adapterTypeName="Microsoft.VisualStudio.TestTools.TestTypes.Unit.UnitTestAdapter, Microsoft.VisualStudio.QualityTools.Tips.UnitTest.Adapter, Version=11.0.0.0, Culture=neutral, PublicKeyToken=b03f5f7f11d50a3a" className="UnitTestProject.CoinKeeperTest, UnitTestProject, Version=1.0.0.0, Culture=neutral, PublicKeyToken=null" name="TestCoinKeeperGetMoney" />
    </UnitTest>
    <UnitTest name="TestReturnMoney" storage="buildartifacts\unittestproject.dll" id="66ea6b57-3b4e-b2c0-eadd-4395538837f5">
      <Execution id="58711312-af1e-4f93-988a-da76c22a3f00" />
      <TestMethod codeBase="C:/Users/Dima/Desktop/MyRepos/BuildArtifacts/UnitTestProject.DLL" adapterTypeName="Microsoft.VisualStudio.TestTools.TestTypes.Unit.UnitTestAdapter, Microsoft.VisualStudio.QualityTools.Tips.UnitTest.Adapter, Version=11.0.0.0, Culture=neutral, PublicKeyToken=b03f5f7f11d50a3a" className="UnitTestProject.AcceptorTest, UnitTestProject, Version=1.0.0.0, Culture=neutral, PublicKeyToken=null" name="TestReturnMoney" />
    </UnitTest>
    <UnitTest name="TestCellStringChange" storage="buildartifacts\unittestproject.dll" id="69855a74-08dd-62e3-0c64-b329d0825435">
      <Execution id="54a83d0c-daa0-4b1e-a352-68b844b7dacb" />
      <TestMethod codeBase="C:/Users/Dima/Desktop/MyRepos/BuildArtifacts/UnitTestProject.DLL" adapterTypeName="Microsoft.VisualStudio.TestTools.TestTypes.Unit.UnitTestAdapter, Microsoft.VisualStudio.QualityTools.Tips.UnitTest.Adapter, Version=11.0.0.0, Culture=neutral, PublicKeyToken=b03f5f7f11d50a3a" className="UnitTestProject.DisplayTest, UnitTestProject, Version=1.0.0.0, Culture=neutral, PublicKeyToken=null" name="TestCellStringChange" />
    </UnitTest>
  </TestDefinitions>
  <TestLists>
    <TestList name="Отсутствующие в списке результаты" id="8c84fa94-04c1-424b-9868-57a2d4851a1d" />
    <TestList name="Все загруженные результаты" id="19431567-8539-422a-85d7-44ee4e166bda" />
  </TestLists>
  <TestEntries>
    <TestEntry testId="e9fc3b5a-ff23-5bec-d540-995f2bd6bec5" executionId="8f762f5d-4f73-457b-9964-3bb25a1af00a" testListId="8c84fa94-04c1-424b-9868-57a2d4851a1d" />
    <TestEntry testId="66ea6b57-3b4e-b2c0-eadd-4395538837f5" executionId="58711312-af1e-4f93-988a-da76c22a3f00" testListId="8c84fa94-04c1-424b-9868-57a2d4851a1d" />
    <TestEntry testId="10e2d24b-6921-ec02-0709-7ec833e67c9e" executionId="353adc72-9171-4780-a9af-aa9016891840" testListId="8c84fa94-04c1-424b-9868-57a2d4851a1d" />
    <TestEntry testId="f2912896-3e3c-8f6e-d1d4-9e0f5340d814" executionId="e4ebeedb-1461-4e41-a50c-d84943932ac4" testListId="8c84fa94-04c1-424b-9868-57a2d4851a1d" />
    <TestEntry testId="69855a74-08dd-62e3-0c64-b329d0825435" executionId="54a83d0c-daa0-4b1e-a352-68b844b7dacb" testListId="8c84fa94-04c1-424b-9868-57a2d4851a1d" />
  </TestEntries>
  <Results>
    <UnitTestResult executionId="8f762f5d-4f73-457b-9964-3bb25a1af00a" testId="e9fc3b5a-ff23-5bec-d540-995f2bd6bec5" testName="TestBanknoteCheck" computerName="DIMON" duration="00:00:00.1672488" startTime="2014-05-14T00:24:05.3752562+07:00" endTime="2014-05-14T00:24:06.4493176+07:00" testType="13cdc9d9-ddb5-4fa4-a97d-d965ccfc6d4b" outcome="Passed" testListId="8c84fa94-04c1-424b-9868-57a2d4851a1d" relativeResultsDirectory="8f762f5d-4f73-457b-9964-3bb25a1af00a">
    </UnitTestResult>
    <UnitTestResult executionId="58711312-af1e-4f93-988a-da76c22a3f00" testId="66ea6b57-3b4e-b2c0-eadd-4395538837f5" testName="TestReturnMoney" computerName="DIMON" duration="00:00:00.1404601" startTime="2014-05-14T00:24:06.4523178+07:00" endTime="2014-05-14T00:24:06.6013263+07:00" testType="13cdc9d9-ddb5-4fa4-a97d-d965ccfc6d4b" outcome="Passed" testListId="8c84fa94-04c1-424b-9868-57a2d4851a1d" relativeResultsDirectory="58711312-af1e-4f93-988a-da76c22a3f00">
    </UnitTestResult>
    <UnitTestResult executionId="353adc72-9171-4780-a9af-aa9016891840" testId="10e2d24b-6921-ec02-0709-7ec833e67c9e" testName="TestCell" computerName="DIMON" duration="00:00:00.0106457" startTime="2014-05-14T00:24:06.6073267+07:00" endTime="2014-05-14T00:24:06.6253277+07:00" testType="13cdc9d9-ddb5-4fa4-a97d-d965ccfc6d4b" outcome="Passed" testListId="8c84fa94-04c1-424b-9868-57a2d4851a1d" relativeResultsDirectory="353adc72-9171-4780-a9af-aa9016891840">
    </UnitTestResult>
    <UnitTestResult executionId="e4ebeedb-1461-4e41-a50c-d84943932ac4" testId="f2912896-3e3c-8f6e-d1d4-9e0f5340d814" testName="TestCoinKeeperGetMoney" computerName="DIMON" duration="00:00:00.0043263" startTime="2014-05-14T00:24:06.6303280+07:00" endTime="2014-05-14T00:24:06.6413286+07:00" testType="13cdc9d9-ddb5-4fa4-a97d-d965ccfc6d4b" outcome="Passed" testListId="8c84fa94-04c1-424b-9868-57a2d4851a1d" relativeResultsDirectory="e4ebeedb-1461-4e41-a50c-d84943932ac4">
    </UnitTestResult>
    <UnitTestResult executionId="54a83d0c-daa0-4b1e-a352-68b844b7dacb" testId="69855a74-08dd-62e3-0c64-b329d0825435" testName="TestCellStringChange" computerName="DIMON" duration="00:00:00.0078815" startTime="2014-05-14T00:24:06.6433287+07:00" endTime="2014-05-14T00:24:06.6613298+07:00" testType="13cdc9d9-ddb5-4fa4-a97d-d965ccfc6d4b" outcome="Passed" testListId="8c84fa94-04c1-424b-9868-57a2d4851a1d" relativeResultsDirectory="54a83d0c-daa0-4b1e-a352-68b844b7dacb">
    </UnitTestResult>
  </Results>
</TestRun>